<?xml version="1.0" encoding="UTF-8"?>
<!-- Generated by org.testng.reporters.JUnitXMLReporter -->
<testsuite ignored="11" hostname="piyush-asus" failures="1" tests="1" name="Default test" time="69.428" errors="0" timestamp="2023-12-13T16:15:18 IST">
  <testcase classname="com.tutorialsninja.qa.testcases.TestCaseWithoutFrame" name="verifyUserCanAddProductToBag" time="34.615">
    <failure type="org.openqa.selenium.NoSuchElementException" message="Unable to locate element: //p[contains(text(),&amp;quot;42&amp;quot;)]
For documentation on this error, please visit: https://www.selenium.dev/documentation/webdriver/troubleshooting/errors#no-such-element-exception
Build info: version: &amp;apos;4.15.0&amp;apos;, revision: &amp;apos;1d14b5521b&amp;apos;
System info: os.name: &amp;apos;Windows 10&amp;apos;, os.arch: &amp;apos;amd64&amp;apos;, os.version: &amp;apos;10.0&amp;apos;, java.version: &amp;apos;17.0.7&amp;apos;
Driver info: org.openqa.selenium.firefox.FirefoxDriver
Command: [18b2916e-048b-4888-96bc-ce809d19aef6, findElement {using=xpath, value=//p[contains(text(),&amp;quot;42&amp;quot;)]}]
Capabilities {acceptInsecureCerts: true, browserName: firefox, browserVersion: 120.0.1, moz:accessibilityChecks: false, moz:buildID: 20231129155202, moz:debuggerAddress: 127.0.0.1:13888, moz:geckodriverVersion: 0.33.0, moz:headless: false, moz:platformVersion: 10.0, moz:processID: 26792, moz:profile: C:\Users\piyus\AppData\Loca..., moz:shutdownTimeout: 60000, moz:webdriverClick: true, moz:windowless: false, pageLoadStrategy: normal, platformName: windows, proxy: Proxy(), se:cdp: ws://127.0.0.1:13888/devtoo..., se:cdpVersion: 85.0, setWindowRect: true, strictFileInteractability: false, timeouts: {implicit: 0, pageLoad: 300000, script: 30000}, unhandledPromptBehavior: dismiss and notify}
Session ID: 18b2916e-048b-4888-96bc-ce809d19aef6">
      <![CDATA[org.openqa.selenium.NoSuchElementException: Unable to locate element: //p[contains(text(),"42")]
For documentation on this error, please visit: https://www.selenium.dev/documentation/webdriver/troubleshooting/errors#no-such-element-exception
Build info: version: '4.15.0', revision: '1d14b5521b'
System info: os.name: 'Windows 10', os.arch: 'amd64', os.version: '10.0', java.version: '17.0.7'
Driver info: org.openqa.selenium.firefox.FirefoxDriver
Command: [18b2916e-048b-4888-96bc-ce809d19aef6, findElement {using=xpath, value=//p[contains(text(),"42")]}]
Capabilities {acceptInsecureCerts: true, browserName: firefox, browserVersion: 120.0.1, moz:accessibilityChecks: false, moz:buildID: 20231129155202, moz:debuggerAddress: 127.0.0.1:13888, moz:geckodriverVersion: 0.33.0, moz:headless: false, moz:platformVersion: 10.0, moz:processID: 26792, moz:profile: C:\Users\piyus\AppData\Loca..., moz:shutdownTimeout: 60000, moz:webdriverClick: true, moz:windowless: false, pageLoadStrategy: normal, platformName: windows, proxy: Proxy(), se:cdp: ws://127.0.0.1:13888/devtoo..., se:cdpVersion: 85.0, setWindowRect: true, strictFileInteractability: false, timeouts: {implicit: 0, pageLoad: 300000, script: 30000}, unhandledPromptBehavior: dismiss and notify}
Session ID: 18b2916e-048b-4888-96bc-ce809d19aef6
at java.base/jdk.internal.reflect.NativeConstructorAccessorImpl.newInstance0(Native Method)
at java.base/jdk.internal.reflect.NativeConstructorAccessorImpl.newInstance(NativeConstructorAccessorImpl.java:77)
at java.base/jdk.internal.reflect.DelegatingConstructorAccessorImpl.newInstance(DelegatingConstructorAccessorImpl.java:45)
at java.base/java.lang.reflect.Constructor.newInstanceWithCaller(Constructor.java:499)
at java.base/java.lang.reflect.Constructor.newInstance(Constructor.java:480)
at org.openqa.selenium.remote.codec.w3c.W3CHttpResponseCodec.createException(W3CHttpResponseCodec.java:200)
at org.openqa.selenium.remote.codec.w3c.W3CHttpResponseCodec.decode(W3CHttpResponseCodec.java:133)
at org.openqa.selenium.remote.codec.w3c.W3CHttpResponseCodec.decode(W3CHttpResponseCodec.java:52)
at org.openqa.selenium.remote.HttpCommandExecutor.execute(HttpCommandExecutor.java:191)
at org.openqa.selenium.remote.service.DriverCommandExecutor.invokeExecute(DriverCommandExecutor.java:200)
at org.openqa.selenium.remote.service.DriverCommandExecutor.execute(DriverCommandExecutor.java:175)
at org.openqa.selenium.remote.RemoteWebDriver.execute(RemoteWebDriver.java:607)
at org.openqa.selenium.remote.ElementLocation$ElementFinder$2.findElement(ElementLocation.java:165)
at org.openqa.selenium.remote.ElementLocation.findElement(ElementLocation.java:59)
at org.openqa.selenium.remote.RemoteWebDriver.findElement(RemoteWebDriver.java:364)
at org.openqa.selenium.remote.RemoteWebDriver.findElement(RemoteWebDriver.java:358)
at org.openqa.selenium.support.pagefactory.DefaultElementLocator.findElement(DefaultElementLocator.java:68)
at org.openqa.selenium.support.pagefactory.internal.LocatingElementHandler.invoke(LocatingElementHandler.java:38)
at jdk.proxy2/jdk.proxy2.$Proxy12.click(Unknown Source)
at com.jarvis.pages.MenMenuPage.selectSize(MenMenuPage.java:92)
at com.tutorialsninja.qa.testcases.TestCaseWithoutFrame.verifyUserCanAddProductToBag(TestCaseWithoutFrame.java:158)
at java.base/jdk.internal.reflect.NativeMethodAccessorImpl.invoke0(Native Method)
at java.base/jdk.internal.reflect.NativeMethodAccessorImpl.invoke(NativeMethodAccessorImpl.java:77)
at java.base/jdk.internal.reflect.DelegatingMethodAccessorImpl.invoke(DelegatingMethodAccessorImpl.java:43)
at java.base/java.lang.reflect.Method.invoke(Method.java:568)
at org.testng.internal.invokers.MethodInvocationHelper.invokeMethod(MethodInvocationHelper.java:139)
at org.testng.internal.invokers.TestInvoker.invokeMethod(TestInvoker.java:664)
at org.testng.internal.invokers.TestInvoker.invokeTestMethod(TestInvoker.java:227)
at org.testng.internal.invokers.MethodRunner.runInSequence(MethodRunner.java:50)
at org.testng.internal.invokers.TestInvoker$MethodInvocationAgent.invoke(TestInvoker.java:957)
at org.testng.internal.invokers.TestInvoker.invokeTestMethods(TestInvoker.java:200)
at org.testng.internal.invokers.TestMethodWorker.invokeTestMethods(TestMethodWorker.java:148)
at org.testng.internal.invokers.TestMethodWorker.run(TestMethodWorker.java:128)
at java.base/java.util.ArrayList.forEach(ArrayList.java:1511)
at org.testng.TestRunner.privateRun(TestRunner.java:848)
at org.testng.TestRunner.run(TestRunner.java:621)
at org.testng.SuiteRunner.runTest(SuiteRunner.java:443)
at org.testng.SuiteRunner.runSequentially(SuiteRunner.java:437)
at org.testng.SuiteRunner.privateRun(SuiteRunner.java:397)
at org.testng.SuiteRunner.run(SuiteRunner.java:336)
at org.testng.SuiteRunnerWorker.runSuite(SuiteRunnerWorker.java:52)
at org.testng.SuiteRunnerWorker.run(SuiteRunnerWorker.java:95)
at org.testng.TestNG.runSuitesSequentially(TestNG.java:1280)
at org.testng.TestNG.runSuitesLocally(TestNG.java:1200)
at org.testng.TestNG.runSuites(TestNG.java:1114)
at org.testng.TestNG.run(TestNG.java:1082)
at org.testng.remote.AbstractRemoteTestNG.run(AbstractRemoteTestNG.java:115)
at org.testng.remote.RemoteTestNG.initAndRun(RemoteTestNG.java:251)
at org.testng.remote.RemoteTestNG.main(RemoteTestNG.java:77)
]]>
    </failure>
  </testcase> <!-- verifyUserCanAddProductToBag -->
  <testcase classname="com.tutorialsninja.qa.testcases.TestCaseWithoutFrame" name="verifyLoginFieldIsMarkedWithAsterik" time="0.0">
    <ignored/>
  </testcase> <!-- verifyLoginFieldIsMarkedWithAsterik -->
  <testcase classname="com.tutorialsninja.qa.testcases.TestCaseWithoutFrame" name="testWithKeyword" time="0.0">
    <ignored/>
  </testcase> <!-- testWithKeyword -->
  <testcase classname="com.tutorialsninja.qa.testcases.TestCaseWithoutFrame" name="verifyUserIsAbleToSortProductByLowToHigh" time="0.0">
    <ignored/>
  </testcase> <!-- verifyUserIsAbleToSortProductByLowToHigh -->
  <testcase classname="com.tutorialsninja.qa.testcases.TestCaseWithoutFrame" name="verifyUserIsNotAbleToViewWishListItemsWithOutLogin" time="0.0">
    <ignored/>
  </testcase> <!-- verifyUserIsNotAbleToViewWishListItemsWithOutLogin -->
  <testcase classname="com.tutorialsninja.qa.testcases.TestCaseWithoutFrame" name="verifyUserCanNavigateToMensClothingFromTopMenu" time="0.0">
    <ignored/>
  </testcase> <!-- verifyUserCanNavigateToMensClothingFromTopMenu -->
  <testcase classname="com.tutorialsninja.qa.testcases.TestCaseWithoutFrame" name="verifyUserIsAbleToFilterDressesOnBasisOfColour" time="0.0">
    <ignored/>
  </testcase> <!-- verifyUserIsAbleToFilterDressesOnBasisOfColour -->
  <testcase classname="com.tutorialsninja.qa.testcases.TestCaseWithoutFrame" name="FirstTest" time="0.0">
    <ignored/>
  </testcase> <!-- FirstTest -->
  <testcase classname="com.tutorialsninja.qa.testcases.TestCaseWithoutFrame" name="usingPageObjectModel" time="0.0">
    <ignored/>
  </testcase> <!-- usingPageObjectModel -->
  <testcase classname="com.tutorialsninja.qa.testcases.TestCaseWithoutFrame" name="verifyUserIsAbleToSortProductByHighToLow" time="0.0">
    <ignored/>
  </testcase> <!-- verifyUserIsAbleToSortProductByHighToLow -->
  <testcase classname="com.tutorialsninja.qa.testcases.TestCaseWithoutFrame" name="verifyDressesFilterInLeftSideMenuForParticularProduct" time="0.0">
    <ignored/>
  </testcase> <!-- verifyDressesFilterInLeftSideMenuForParticularProduct -->
  <testcase classname="com.tutorialsninja.qa.testcases.TestCaseWithoutFrame" name="verifyUserCanNavigateToLoginPageFromWishListPage" time="0.0">
    <ignored/>
  </testcase> <!-- verifyUserCanNavigateToLoginPageFromWishListPage -->
</testsuite> <!-- Default test -->
