<?xml version="1.0" encoding="UTF-8"?>
<!-- Generated by org.testng.reporters.JUnitReportReporter -->
<testsuite hostname="piyush-asus" failures="0" tests="12" name="com.charlies.Tests.Tests" time="60.678" errors="1" timestamp="2023-12-18T16:56:50 IST" skipped="11">
  <testcase classname="com.charlies.Tests.Tests" name="verifyUserIsAbleToRemoveProductFromBag" time="60.678">
    <error message="Element &lt;button class=&quot;inlinebuttonV2-base-actionButton bulkActionStrip-desktopBulkRemove&quot;&gt; is not clickable at point (702,337) because another element &lt;div class=&quot;itemComponents-base-invisibleBackDrop&quot;&gt; obscures it
Build info: version: &#039;4.15.0&#039;, revision: &#039;1d14b5521b&#039;
System info: os.name: &#039;Windows 10&#039;, os.arch: &#039;amd64&#039;, os.version: &#039;10.0&#039;, java.version: &#039;17.0.7&#039;
Driver info: org.openqa.selenium.firefox.FirefoxDriver
Command: [e8a1d4be-9a83-44c2-a407-f1843652b5cb, clickElement {id=72e352ba-16de-4381-b752-b35ac8210424}]
Capabilities {acceptInsecureCerts: true, browserName: firefox, browserVersion: 120.0.1, moz:accessibilityChecks: false, moz:buildID: 20231129155202, moz:debuggerAddress: 127.0.0.1:13774, moz:geckodriverVersion: 0.33.0, moz:headless: false, moz:platformVersion: 10.0, moz:processID: 5320, moz:profile: C:\Users\piyus\AppData\Loca..., moz:shutdownTimeout: 60000, moz:webdriverClick: true, moz:windowless: false, pageLoadStrategy: normal, platformName: windows, proxy: Proxy(), se:cdp: ws://127.0.0.1:13774/devtoo..., se:cdpVersion: 85.0, setWindowRect: true, strictFileInteractability: false, timeouts: {implicit: 0, pageLoad: 300000, script: 30000}, unhandledPromptBehavior: dismiss and notify}
Element: [[FirefoxDriver: firefox on windows (e8a1d4be-9a83-44c2-a407-f1843652b5cb)] -&gt; xpath: //button[contains(text(),&quot;REMOVE&quot;)]]
Session ID: e8a1d4be-9a83-44c2-a407-f1843652b5cb" type="org.openqa.selenium.ElementClickInterceptedException">
      <![CDATA[org.openqa.selenium.ElementClickInterceptedException: Element <button class="inlinebuttonV2-base-actionButton bulkActionStrip-desktopBulkRemove"> is not clickable at point (702,337) because another element <div class="itemComponents-base-invisibleBackDrop"> obscures it
Build info: version: '4.15.0', revision: '1d14b5521b'
System info: os.name: 'Windows 10', os.arch: 'amd64', os.version: '10.0', java.version: '17.0.7'
Driver info: org.openqa.selenium.firefox.FirefoxDriver
Command: [e8a1d4be-9a83-44c2-a407-f1843652b5cb, clickElement {id=72e352ba-16de-4381-b752-b35ac8210424}]
Capabilities {acceptInsecureCerts: true, browserName: firefox, browserVersion: 120.0.1, moz:accessibilityChecks: false, moz:buildID: 20231129155202, moz:debuggerAddress: 127.0.0.1:13774, moz:geckodriverVersion: 0.33.0, moz:headless: false, moz:platformVersion: 10.0, moz:processID: 5320, moz:profile: C:\Users\piyus\AppData\Loca..., moz:shutdownTimeout: 60000, moz:webdriverClick: true, moz:windowless: false, pageLoadStrategy: normal, platformName: windows, proxy: Proxy(), se:cdp: ws://127.0.0.1:13774/devtoo..., se:cdpVersion: 85.0, setWindowRect: true, strictFileInteractability: false, timeouts: {implicit: 0, pageLoad: 300000, script: 30000}, unhandledPromptBehavior: dismiss and notify}
Element: [[FirefoxDriver: firefox on windows (e8a1d4be-9a83-44c2-a407-f1843652b5cb)] -> xpath: //button[contains(text(),"REMOVE")]]
Session ID: e8a1d4be-9a83-44c2-a407-f1843652b5cb
at java.base/jdk.internal.reflect.NativeConstructorAccessorImpl.newInstance0(Native Method)
at java.base/jdk.internal.reflect.NativeConstructorAccessorImpl.newInstance(NativeConstructorAccessorImpl.java:77)
at java.base/jdk.internal.reflect.DelegatingConstructorAccessorImpl.newInstance(DelegatingConstructorAccessorImpl.java:45)
at java.base/java.lang.reflect.Constructor.newInstanceWithCaller(Constructor.java:499)
at java.base/java.lang.reflect.Constructor.newInstance(Constructor.java:480)
at org.openqa.selenium.remote.codec.w3c.W3CHttpResponseCodec.createException(W3CHttpResponseCodec.java:200)
at org.openqa.selenium.remote.codec.w3c.W3CHttpResponseCodec.decode(W3CHttpResponseCodec.java:133)
at org.openqa.selenium.remote.codec.w3c.W3CHttpResponseCodec.decode(W3CHttpResponseCodec.java:52)
at org.openqa.selenium.remote.HttpCommandExecutor.execute(HttpCommandExecutor.java:191)
at org.openqa.selenium.remote.service.DriverCommandExecutor.invokeExecute(DriverCommandExecutor.java:200)
at org.openqa.selenium.remote.service.DriverCommandExecutor.execute(DriverCommandExecutor.java:175)
at org.openqa.selenium.remote.RemoteWebDriver.execute(RemoteWebDriver.java:607)
at org.openqa.selenium.remote.RemoteWebElement.execute(RemoteWebElement.java:224)
at org.openqa.selenium.remote.RemoteWebElement.click(RemoteWebElement.java:77)
at java.base/jdk.internal.reflect.NativeMethodAccessorImpl.invoke0(Native Method)
at java.base/jdk.internal.reflect.NativeMethodAccessorImpl.invoke(NativeMethodAccessorImpl.java:77)
at java.base/jdk.internal.reflect.DelegatingMethodAccessorImpl.invoke(DelegatingMethodAccessorImpl.java:43)
at java.base/java.lang.reflect.Method.invoke(Method.java:568)
at org.openqa.selenium.support.pagefactory.internal.LocatingElementHandler.invoke(LocatingElementHandler.java:51)
at jdk.proxy2/jdk.proxy2.$Proxy12.click(Unknown Source)
at com.charlies.pages.CheckOutPage.clickOnRemove(CheckOutPage.java:34)
at com.charlies.Tests.Tests.verifyUserIsAbleToRemoveProductFromBag(Tests.java:175)
at java.base/jdk.internal.reflect.NativeMethodAccessorImpl.invoke0(Native Method)
at java.base/jdk.internal.reflect.NativeMethodAccessorImpl.invoke(NativeMethodAccessorImpl.java:77)
at java.base/jdk.internal.reflect.DelegatingMethodAccessorImpl.invoke(DelegatingMethodAccessorImpl.java:43)
at java.base/java.lang.reflect.Method.invoke(Method.java:568)
at org.testng.internal.invokers.MethodInvocationHelper.invokeMethod(MethodInvocationHelper.java:139)
at org.testng.internal.invokers.TestInvoker.invokeMethod(TestInvoker.java:664)
at org.testng.internal.invokers.TestInvoker.invokeTestMethod(TestInvoker.java:227)
at org.testng.internal.invokers.MethodRunner.runInSequence(MethodRunner.java:50)
at org.testng.internal.invokers.TestInvoker$MethodInvocationAgent.invoke(TestInvoker.java:957)
at org.testng.internal.invokers.TestInvoker.invokeTestMethods(TestInvoker.java:200)
at org.testng.internal.invokers.TestMethodWorker.invokeTestMethods(TestMethodWorker.java:148)
at org.testng.internal.invokers.TestMethodWorker.run(TestMethodWorker.java:128)
at java.base/java.util.ArrayList.forEach(ArrayList.java:1511)
at org.testng.TestRunner.privateRun(TestRunner.java:848)
at org.testng.TestRunner.run(TestRunner.java:621)
at org.testng.SuiteRunner.runTest(SuiteRunner.java:443)
at org.testng.SuiteRunner.runSequentially(SuiteRunner.java:437)
at org.testng.SuiteRunner.privateRun(SuiteRunner.java:397)
at org.testng.SuiteRunner.run(SuiteRunner.java:336)
at org.testng.SuiteRunnerWorker.runSuite(SuiteRunnerWorker.java:52)
at org.testng.SuiteRunnerWorker.run(SuiteRunnerWorker.java:95)
at org.testng.TestNG.runSuitesSequentially(TestNG.java:1280)
at org.testng.TestNG.runSuitesLocally(TestNG.java:1200)
at org.testng.TestNG.runSuites(TestNG.java:1114)
at org.testng.TestNG.run(TestNG.java:1082)
at org.testng.remote.AbstractRemoteTestNG.run(AbstractRemoteTestNG.java:115)
at org.testng.remote.RemoteTestNG.initAndRun(RemoteTestNG.java:251)
at org.testng.remote.RemoteTestNG.main(RemoteTestNG.java:77)
]]>
    </error>
  </testcase> <!-- verifyUserIsAbleToRemoveProductFromBag -->
  <testcase classname="com.charlies.Tests.Tests" name="verifyLoginFieldIsMarkedWithAsterik">
    <skipped/>
  </testcase> <!-- verifyLoginFieldIsMarkedWithAsterik -->
  <testcase classname="com.charlies.Tests.Tests" name="verifyDressesFilterInLeftSideMenuForParticularProduct">
    <skipped/>
  </testcase> <!-- verifyDressesFilterInLeftSideMenuForParticularProduct -->
  <testcase classname="com.charlies.Tests.Tests" name="testWithKeyword">
    <skipped/>
  </testcase> <!-- testWithKeyword -->
  <testcase classname="com.charlies.Tests.Tests" name="verifyUserIsNotAbleToViewWishListItemsWithOutLogin">
    <skipped/>
  </testcase> <!-- verifyUserIsNotAbleToViewWishListItemsWithOutLogin -->
  <testcase classname="com.charlies.Tests.Tests" name="verifyUserIsAbleToSortProductByHighToLow">
    <skipped/>
  </testcase> <!-- verifyUserIsAbleToSortProductByHighToLow -->
  <testcase classname="com.charlies.Tests.Tests" name="verifyUserCanNavigateToLoginPageFromWishListPage">
    <skipped/>
  </testcase> <!-- verifyUserCanNavigateToLoginPageFromWishListPage -->
  <testcase classname="com.charlies.Tests.Tests" name="verifyUserIsAbleToSortProductByLowToHigh">
    <skipped/>
  </testcase> <!-- verifyUserIsAbleToSortProductByLowToHigh -->
  <testcase classname="com.charlies.Tests.Tests" name="verifyUserCanAddProductToBag">
    <skipped/>
  </testcase> <!-- verifyUserCanAddProductToBag -->
  <testcase classname="com.charlies.Tests.Tests" name="verifyUserCanNavigateToMensClothingFromTopMenu">
    <skipped/>
  </testcase> <!-- verifyUserCanNavigateToMensClothingFromTopMenu -->
  <testcase classname="com.charlies.Tests.Tests" name="verifyUserIsAbleToFilterDressesOnBasisOfColour">
    <skipped/>
  </testcase> <!-- verifyUserIsAbleToFilterDressesOnBasisOfColour -->
  <testcase classname="com.charlies.Tests.Tests" name="FirstTest">
    <skipped/>
  </testcase> <!-- FirstTest -->
</testsuite> <!-- com.charlies.Tests.Tests -->
